Networking has been disabled
Starting project at C:\Users\Shubhangam\Desktop\spendwise
Starting Metro Bundler
warning: Bundler cache is empty, rebuilding (this may take a minute)
Waiting on http://localhost:8081
Logs for your project will appear below.
iOS .\index.js ░░░░░░░░░░░░░░░░  0.0% (0/1)
iOS Bundling failed 23ms index.js (1 module)
 ERROR  TypeError: Cannot read properties of undefined (reading 'transformFile')
    at Bundler.transformFile (C:\Users\Shubhangam\Desktop\spendwise\node_modules\@expo\metro\node_modules\metro\src\Bundler.js:55:30)
    at processTicksAndRejections (node:internal/process/task_queues:104:5)
    at Object.transform (C:\Users\Shubhangam\Desktop\spendwise\node_modules\@expo\metro\node_modules\metro\src\lib\transformHelpers.js:137:12)
    at transform (C:\Users\Shubhangam\Desktop\spendwise\node_modules\@expo\metro\node_modules\metro\src\DeltaBundler\Graph.js:170:26)
    at visit (C:\Users\Shubhangam\Desktop\spendwise\node_modules\@expo\metro\node_modules\metro\src\DeltaBundler\buildSubgraph.js:80:29)
    at async Promise.all (index 0)
    at buildSubgraph (C:\Users\Shubhangam\Desktop\spendwise\node_modules\@expo\metro\node_modules\metro\src\DeltaBundler\buildSubgraph.js:105:3)
    at Graph._buildDelta (C:\Users\Shubhangam\Desktop\spendwise\node_modules\@expo\metro\node_modules\metro\src\DeltaBundler\Graph.js:163:22)
    at Graph.initialTraverseDependencies (C:\Users\Shubhangam\Desktop\spendwise\node_modules\@expo\metro\node_modules\metro\src\DeltaBundler\Graph.js:146:19)
    at DeltaCalculator._getChangedDependencies (C:\Users\Shubhangam\Desktop\spendwise\node_modules\@expo\metro\node_modules\metro\src\DeltaBundler\DeltaCalculator.js:155:25)
iOS .\index.js ░░░░░░░░░░░░░░░░  0.0% (0/1)
iOS Bundling failed 9ms index.js (1 module)
 ERROR  TypeError: Cannot read properties of undefined (reading 'transformFile')
    at Bundler.transformFile (C:\Users\Shubhangam\Desktop\spendwise\node_modules\@expo\metro\node_modules\metro\src\Bundler.js:55:30)
    at processTicksAndRejections (node:internal/process/task_queues:104:5)
    at Object.transform (C:\Users\Shubhangam\Desktop\spendwise\node_modules\@expo\metro\node_modules\metro\src\lib\transformHelpers.js:137:12)
    at transform (C:\Users\Shubhangam\Desktop\spendwise\node_modules\@expo\metro\node_modules\metro\src\DeltaBundler\Graph.js:170:26)
    at visit (C:\Users\Shubhangam\Desktop\spendwise\node_modules\@expo\metro\node_modules\metro\src\DeltaBundler\buildSubgraph.js:80:29)
    at async Promise.all (index 0)
    at buildSubgraph (C:\Users\Shubhangam\Desktop\spendwise\node_modules\@expo\metro\node_modules\metro\src\DeltaBundler\buildSubgraph.js:105:3)
    at Graph._buildDelta (C:\Users\Shubhangam\Desktop\spendwise\node_modules\@expo\metro\node_modules\metro\src\DeltaBundler\Graph.js:163:22)
    at Graph.initialTraverseDependencies (C:\Users\Shubhangam\Desktop\spendwise\node_modules\@expo\metro\node_modules\metro\src\DeltaBundler\Graph.js:146:19)
    at DeltaCalculator._getChangedDependencies (C:\Users\Shubhangam\Desktop\spendwise\node_modules\@expo\metro\node_modules\metro\src\DeltaBundler\DeltaCalculator.js:155:25)
iOS .\index.js ░░░░░░░░░░░░░░░░  0.0% (0/1)
iOS Bundling failed 36ms index.js (1 module)
 ERROR  TypeError: Cannot read properties of undefined (reading 'transformFile')
    at Bundler.transformFile (C:\Users\Shubhangam\Desktop\spendwise\node_modules\@expo\metro\node_modules\metro\src\Bundler.js:55:30)
    at processTicksAndRejections (node:internal/process/task_queues:104:5)
    at Object.transform (C:\Users\Shubhangam\Desktop\spendwise\node_modules\@expo\metro\node_modules\metro\src\lib\transformHelpers.js:137:12)
    at transform (C:\Users\Shubhangam\Desktop\spendwise\node_modules\@expo\metro\node_modules\metro\src\DeltaBundler\Graph.js:170:26)
    at visit (C:\Users\Shubhangam\Desktop\spendwise\node_modules\@expo\metro\node_modules\metro\src\DeltaBundler\buildSubgraph.js:80:29)
    at async Promise.all (index 0)
    at buildSubgraph (C:\Users\Shubhangam\Desktop\spendwise\node_modules\@expo\metro\node_modules\metro\src\DeltaBundler\buildSubgraph.js:105:3)
    at Graph._buildDelta (C:\Users\Shubhangam\Desktop\spendwise\node_modules\@expo\metro\node_modules\metro\src\DeltaBundler\Graph.js:163:22)
    at Graph.initialTraverseDependencies (C:\Users\Shubhangam\Desktop\spendwise\node_modules\@expo\metro\node_modules\metro\src\DeltaBundler\Graph.js:146:19)
    at DeltaCalculator._getChangedDependencies (C:\Users\Shubhangam\Desktop\spendwise\node_modules\@expo\metro\node_modules\metro\src\DeltaBundler\DeltaCalculator.js:155:25)
iOS .\index.js ░░░░░░░░░░░░░░░░  0.0% (0/1)
iOS Bundling failed 13ms index.js (1 module)
 ERROR  TypeError: Cannot read properties of undefined (reading 'transformFile')
    at Bundler.transformFile (C:\Users\Shubhangam\Desktop\spendwise\node_modules\@expo\metro\node_modules\metro\src\Bundler.js:55:30)
    at processTicksAndRejections (node:internal/process/task_queues:104:5)
    at Object.transform (C:\Users\Shubhangam\Desktop\spendwise\node_modules\@expo\metro\node_modules\metro\src\lib\transformHelpers.js:137:12)
    at transform (C:\Users\Shubhangam\Desktop\spendwise\node_modules\@expo\metro\node_modules\metro\src\DeltaBundler\Graph.js:170:26)
    at visit (C:\Users\Shubhangam\Desktop\spendwise\node_modules\@expo\metro\node_modules\metro\src\DeltaBundler\buildSubgraph.js:80:29)
    at async Promise.all (index 0)
    at buildSubgraph (C:\Users\Shubhangam\Desktop\spendwise\node_modules\@expo\metro\node_modules\metro\src\DeltaBundler\buildSubgraph.js:105:3)
    at Graph._buildDelta (C:\Users\Shubhangam\Desktop\spendwise\node_modules\@expo\metro\node_modules\metro\src\DeltaBundler\Graph.js:163:22)
    at Graph.initialTraverseDependencies (C:\Users\Shubhangam\Desktop\spendwise\node_modules\@expo\metro\node_modules\metro\src\DeltaBundler\Graph.js:146:19)
    at DeltaCalculator._getChangedDependencies (C:\Users\Shubhangam\Desktop\spendwise\node_modules\@expo\metro\node_modules\metro\src\DeltaBundler\DeltaCalculator.js:155:25)
